<?xml version="1.0" encoding="UTF-8"?>
<!-- Generated by org.testng.reporters.JUnitReportReporter -->
<testsuite hostname="DESKTOP-AVFQKRF" failures="0" tests="1" name="testNG.NewTest11" time="0.018" errors="0" timestamp="2023-09-23T13:27:33 IST" skipped="0">
  <testcase classname="testNG.NewTest11" name="f" time="0.018"/>
</testsuite> <!-- testNG.NewTest11 -->
